<?xml version="1.0" encoding="UTF-8"?>
<testng-results skipped="0" failed="0" ignored="0" total="1" passed="1">
  <reporter-output>
  </reporter-output>
  <suite name="Suite" duration-ms="15722" started-at="2019-10-30T17:16:23 IST" finished-at="2019-10-30T17:16:38 IST">
    <groups>
    </groups>
    <test name="Test" duration-ms="15722" started-at="2019-10-30T17:16:23 IST" finished-at="2019-10-30T17:16:38 IST">
      <class name="datadrivenframeprograms.CreateCustomer">
        <test-method status="PASS" signature="openBrowser()[pri:0, instance:datadrivenframeprograms.CreateCustomer@7a36aefa]" name="openBrowser" is-config="true" duration-ms="11227" started-at="2019-10-30T17:16:23 IST" finished-at="2019-10-30T17:16:34 IST">
          <reporter-output>
          </reporter-output>
        </test-method> <!-- openBrowser -->
        <test-method status="PASS" signature="login()[pri:0, instance:datadrivenframeprograms.CreateCustomer@7a36aefa]" name="login" is-config="true" duration-ms="292" started-at="2019-10-30T17:16:34 IST" finished-at="2019-10-30T17:16:34 IST">
          <reporter-output>
          </reporter-output>
        </test-method> <!-- login -->
        <test-method status="PASS" signature="testCreateCustomer()[pri:0, instance:datadrivenframeprograms.CreateCustomer@7a36aefa]" name="testCreateCustomer" duration-ms="3709" started-at="2019-10-30T17:16:34 IST" finished-at="2019-10-30T17:16:38 IST">
          <reporter-output>
          </reporter-output>
        </test-method> <!-- testCreateCustomer -->
        <test-method status="PASS" signature="logout()[pri:0, instance:datadrivenframeprograms.CreateCustomer@7a36aefa]" name="logout" is-config="true" duration-ms="260" started-at="2019-10-30T17:16:38 IST" finished-at="2019-10-30T17:16:38 IST">
          <reporter-output>
          </reporter-output>
        </test-method> <!-- logout -->
        <test-method status="PASS" signature="closeBrowser()[pri:0, instance:datadrivenframeprograms.CreateCustomer@7a36aefa]" name="closeBrowser" is-config="true" duration-ms="160" started-at="2019-10-30T17:16:38 IST" finished-at="2019-10-30T17:16:38 IST">
          <reporter-output>
          </reporter-output>
        </test-method> <!-- closeBrowser -->
      </class> <!-- datadrivenframeprograms.CreateCustomer -->
    </test> <!-- Test -->
  </suite> <!-- Suite -->
</testng-results>
